<?xml version="1.0" encoding="UTF-8"?>
<!-- Generated by org.testng.reporters.JUnitReportReporter -->
<testsuite skipped="0" hostname="ASEN-PD-VJagtap" name="WebApp.TestProject.TestRun" tests="2" failures="0" timestamp="18 Feb 2020 18:16:32 GMT" time="27.440" errors="0">
  <testcase name="vactions_tab" time="22.184" classname="WebApp.TestProject.TestRun"/>
  <testcase name="home_page" time="5.256" classname="WebApp.TestProject.TestRun"/>
</testsuite> <!-- WebApp.TestProject.TestRun -->
